<?xml version="1.0" encoding="UTF-8"?>
<!-- Generated by org.testng.reporters.JUnitReportReporter -->
<testsuite hostname="HGAJJELA02" failures="0" tests="1" name="com.crm.qa.TestCases.LoginPageTest" time="23.841" errors="0" timestamp="2021-03-29T15:13:12 IST" skipped="0">
  <testcase classname="com.crm.qa.TestCases.LoginPageTest" name="VerifyloginTest" time="23.841"/>
  <system-out/>
</testsuite> <!-- com.crm.qa.TestCases.LoginPageTest -->
