<?xml version="1.0" encoding="UTF-8"?>
<!-- Generated by org.testng.reporters.JUnitReportReporter -->
<testsuite hostname="HGAJJELA02" failures="0" tests="1" name="com.crm.qa.TestCases.HomePageTest" time="20.026" errors="0" timestamp="2021-03-29T14:41:18 IST" skipped="0">
  <testcase classname="com.crm.qa.TestCases.HomePageTest" name="VerifyHomePageTest" time="20.026"/>
  <system-out/>
</testsuite> <!-- com.crm.qa.TestCases.HomePageTest -->
